15:16:17.446 INFO  videoServer listening on port: 4000 
15:16:17.446 INFO  collabEditServer listening on port: 443 
15:17:21.749 INFO  videoServer listening on port: 4000 
15:17:21.749 INFO  collabEditServer listening on port: 443 
15:20:59.900 INFO  videoServer listening on port: 4000 
15:20:59.901 INFO  collabEditServer listening on port: 443 
15:21:04.315 INFO  Index Route Called 
15:21:04.371 INFO  Default Route 
15:22:01.839 ERROR Invalid Hash : 61d61660642dabaeacb8fec0e9e0acb9 for room : 1 
15:24:27.289 INFO  videoServer listening on port: 4000 
15:24:27.289 INFO  collabEditServer listening on port: 443 
15:24:29.683 INFO  Room created successfully with token : 1 by Interviewer  
15:24:49.951 INFO  Candidate joined room with token : 1 
15:26:22.773 ERROR Room with token : 2 does not exist 
15:26:26.795 INFO  Candidate joined room with token : 1 
15:28:33.871 INFO  videoServer listening on port: 4000 
15:28:33.871 INFO  collabEditServer listening on port: 443 
15:28:36.795 INFO  Room created successfully with token : 1 by Interviewer  
15:28:37.892 INFO  Candidate joined room with token : 1 
15:29:42.696 INFO  videoServer listening on port: 4000 
15:29:42.696 INFO  collabEditServer listening on port: 8080 
15:29:43.925 INFO  YJS Setup successfull for Request /1 
15:29:46.041 INFO  Room created successfully with token : 1 by Interviewer  
15:29:47.321 INFO  YJS Setup successfull for Request /1 
15:29:47.322 INFO  YJS Setup successfull for Request /1 
15:29:48.693 INFO  Candidate joined room with token : 1 
15:29:49.129 INFO  YJS Setup successfull for Request /1 
15:33:23.185 INFO  videoServer listening on port: 4000 
15:33:23.185 INFO  collabEditServer listening on port: 8080 
15:33:25.171 INFO  YJS Setup successfull for Request /1 
15:33:25.985 INFO  Room created successfully with token : 1 by Interviewer  
15:33:26.394 INFO  YJS Setup successfull for Request /1 
15:33:26.598 INFO  YJS Setup successfull for Request /1 
15:33:28.417 INFO  Candidate joined room with token : 1 
15:33:28.676 INFO  YJS Setup successfull for Request /1 
15:34:46.042 INFO  videoServer listening on port: 4000 
15:34:46.042 INFO  collabEditServer listening on port: 8080 
15:34:46.294 INFO  YJS Setup successfull for Request /1 
15:34:46.299 INFO  YJS Setup successfull for Request /1 
15:35:16.420 INFO  videoServer listening on port: 4000 
15:35:16.420 INFO  collabEditServer listening on port: 8080 
15:35:16.646 INFO  YJS Setup successfull for Request /1 
15:35:17.282 INFO  Room created successfully with token : 1 by Interviewer  
15:35:17.790 INFO  YJS Setup successfull for Request /1 
15:35:21.398 INFO  Candidate joined room with token : 1 
15:35:21.670 INFO  YJS Setup successfull for Request /1 
15:39:31.250 INFO  videoServer listening on port: 4000 
15:39:31.250 INFO  collabEditServer listening on port: 8080 
15:39:31.420 INFO  YJS Setup successfull for Request /1 
15:39:31.421 INFO  YJS Setup successfull for Request /1 
15:39:38.765 INFO  Room created successfully with token : 1 by Interviewer  
15:39:39.195 INFO  YJS Setup successfull for Request /1 
15:39:41.207 INFO  Candidate joined room with token : 1 
15:39:41.474 INFO  YJS Setup successfull for Request /1 
15:41:46.559 INFO  videoServer listening on port: 4000 
15:41:46.559 INFO  collabEditServer listening on port: 8080 
15:41:46.808 INFO  YJS Setup successfull for Request /1 
15:41:46.813 INFO  YJS Setup successfull for Request /1 
15:41:52.099 INFO  Room created successfully with token : 1 by Interviewer  
15:41:52.567 INFO  YJS Setup successfull for Request /1 
15:41:54.005 INFO  Candidate joined room with token : 1 
15:41:54.280 INFO  YJS Setup successfull for Request /1 
15:43:04.330 INFO  videoServer listening on port: 4000 
15:43:04.330 INFO  collabEditServer listening on port: 8080 
15:43:04.554 INFO  YJS Setup successfull for Request /1 
15:43:04.572 INFO  YJS Setup successfull for Request /1 
15:43:07.682 INFO  Room created successfully with token : 1 by Interviewer  
15:43:08.200 INFO  YJS Setup successfull for Request /1 
15:43:09.725 INFO  Candidate joined room with token : 1 
15:43:09.978 INFO  YJS Setup successfull for Request /1 
15:43:46.269 INFO  videoServer listening on port: 4000 
15:43:46.270 INFO  collabEditServer listening on port: 8080 
15:43:46.495 INFO  YJS Setup successfull for Request /1 
15:43:46.503 INFO  YJS Setup successfull for Request /1 
15:43:50.352 INFO  Room created successfully with token : 1 by Interviewer  
15:43:50.812 INFO  YJS Setup successfull for Request /1 
15:43:53.773 INFO  Candidate joined room with token : 1 
15:43:54.025 INFO  YJS Setup successfull for Request /1 
15:44:28.612 INFO  Candidate joined room with token : 1 
15:44:28.873 INFO  YJS Setup successfull for Request /1 
15:45:43.861 INFO  videoServer listening on port: 4000 
15:45:43.861 INFO  collabEditServer listening on port: 8080 
15:45:44.074 INFO  YJS Setup successfull for Request /1 
15:45:44.076 INFO  YJS Setup successfull for Request /1 
15:45:47.440 INFO  Room created successfully with token : 1 by Interviewer  
15:45:47.872 INFO  YJS Setup successfull for Request /1 
15:45:50.153 INFO  Candidate joined room with token : 1 
15:45:50.390 INFO  YJS Setup successfull for Request /1 
15:46:12.458 INFO  videoServer listening on port: 4000 
15:46:12.458 INFO  collabEditServer listening on port: 8080 
15:46:12.878 INFO  YJS Setup successfull for Request /1 
15:46:12.885 INFO  YJS Setup successfull for Request /1 
15:46:16.287 INFO  Room created successfully with token : 1 by Interviewer  
15:46:16.671 INFO  YJS Setup successfull for Request /1 
15:46:18.260 INFO  Candidate joined room with token : 1 
15:46:18.528 INFO  YJS Setup successfull for Request /1 
15:47:08.311 INFO  videoServer listening on port: 4000 
15:47:08.311 INFO  collabEditServer listening on port: 8080 
15:47:08.536 INFO  YJS Setup successfull for Request /1 
15:47:08.539 INFO  YJS Setup successfull for Request /1 
15:47:14.255 INFO  videoServer listening on port: 4000 
15:47:14.255 INFO  collabEditServer listening on port: 8080 
15:47:14.514 INFO  YJS Setup successfull for Request /1 
15:47:14.520 INFO  YJS Setup successfull for Request /1 
15:47:20.852 INFO  Room created successfully with token : 1 by Interviewer  
15:47:21.307 INFO  YJS Setup successfull for Request /1 
15:47:23.920 INFO  Candidate joined room with token : 1 
15:47:24.181 INFO  YJS Setup successfull for Request /1 
15:52:48.024 INFO  videoServer listening on port: 4000 
15:52:48.024 INFO  collabEditServer listening on port: 8080 
15:52:48.266 INFO  YJS Setup successfull for Request /1 
15:52:48.268 INFO  YJS Setup successfull for Request /1 
15:53:01.604 INFO  videoServer listening on port: 4000 
15:53:01.604 INFO  collabEditServer listening on port: 8080 
15:53:01.621 INFO  YJS Setup successfull for Request /1 
15:53:01.622 INFO  YJS Setup successfull for Request /1 
15:53:13.174 INFO  Room created successfully with token : 1 by Interviewer  
15:53:13.608 INFO  YJS Setup successfull for Request /1 
15:53:17.601 INFO  Candidate joined room with token : 1 
15:53:17.854 INFO  YJS Setup successfull for Request /1 
15:55:44.080 INFO  Room created successfully with token : 1 by Interviewer  
15:55:44.501 INFO  YJS Setup successfull for Request /1 
15:55:46.251 INFO  Candidate joined room with token : 1 
15:55:46.485 INFO  YJS Setup successfull for Request /1 
15:59:57.715 INFO  videoServer listening on port: 4000 
15:59:57.715 INFO  collabEditServer listening on port: 8080 
15:59:57.959 INFO  YJS Setup successfull for Request /1 
15:59:57.961 INFO  YJS Setup successfull for Request /1 
16:00:27.995 INFO  YJS Setup successfull for Request /1 
16:00:27.995 INFO  YJS Setup successfull for Request /1 
16:00:58.022 INFO  YJS Setup successfull for Request /1 
16:00:58.023 INFO  YJS Setup successfull for Request /1 
16:01:28.046 INFO  YJS Setup successfull for Request /1 
16:01:28.049 INFO  YJS Setup successfull for Request /1 
16:01:58.071 INFO  YJS Setup successfull for Request /1 
16:01:58.074 INFO  YJS Setup successfull for Request /1 
16:02:28.098 INFO  YJS Setup successfull for Request /1 
16:02:28.101 INFO  YJS Setup successfull for Request /1 
16:02:58.124 INFO  YJS Setup successfull for Request /1 
16:02:58.128 INFO  YJS Setup successfull for Request /1 
16:03:09.529 INFO  videoServer listening on port: 4000 
16:03:09.529 INFO  collabEditServer listening on port: 8080 
16:03:09.782 INFO  YJS Setup successfull for Request /1 
16:03:09.786 INFO  YJS Setup successfull for Request /1 
16:03:16.783 ERROR Room with token : 1 does not exist 
16:03:19.291 INFO  Room created successfully with token : 1 by Interviewer  
16:03:19.758 INFO  YJS Setup successfull for Request /1 
16:03:20.482 INFO  Candidate joined room with token : 1 
16:03:20.805 INFO  YJS Setup successfull for Request /1 
16:04:33.015 INFO  videoServer listening on port: 4000 
16:04:33.015 INFO  collabEditServer listening on port: 8080 
16:04:33.237 INFO  YJS Setup successfull for Request /1 
16:04:33.250 INFO  YJS Setup successfull for Request /1 
16:04:39.414 INFO  videoServer listening on port: 4000 
16:04:39.414 INFO  collabEditServer listening on port: 8080 
16:04:39.710 INFO  YJS Setup successfull for Request /1 
16:04:39.724 INFO  YJS Setup successfull for Request /1 
16:04:44.019 INFO  Room created successfully with token : 1 by Interviewer  
16:04:44.453 INFO  YJS Setup successfull for Request /1 
16:04:45.994 INFO  Candidate joined room with token : 1 
16:04:46.272 INFO  YJS Setup successfull for Request /1 
16:04:46.461 INFO  Creating Peer for room 1 
16:05:10.444 INFO  videoServer listening on port: 4000 
16:05:10.444 INFO  collabEditServer listening on port: 8080 
16:05:10.683 INFO  YJS Setup successfull for Request /1 
16:05:10.686 INFO  YJS Setup successfull for Request /1 
16:05:16.530 INFO  videoServer listening on port: 4000 
16:05:16.530 INFO  collabEditServer listening on port: 8080 
16:05:17.153 INFO  YJS Setup successfull for Request /1 
16:05:17.158 INFO  YJS Setup successfull for Request /1 
16:05:21.554 INFO  Room created successfully with token : 1 by Interviewer  
16:05:21.994 INFO  YJS Setup successfull for Request /1 
16:05:23.461 INFO  Candidate joined room with token : 1 
16:05:23.743 INFO  YJS Setup successfull for Request /1 
16:05:23.923 INFO  Creating Peer for room 1 
16:09:19.717 INFO  videoServer listening on port: 4000 
16:09:19.717 INFO  collabEditServer listening on port: 8080 
16:09:19.738 INFO  YJS Setup successfull for Request /1 
16:09:19.741 INFO  YJS Setup successfull for Request /1 
16:09:20.090 INFO  videoServer listening on port: 4000 
16:09:20.090 INFO  collabEditServer listening on port: 8080 
16:09:20.337 INFO  YJS Setup successfull for Request /1 
16:09:20.344 INFO  YJS Setup successfull for Request /1 
16:09:27.801 INFO  Room created successfully with token : 1 by Interviewer  
16:09:28.247 INFO  YJS Setup successfull for Request /1 
16:09:29.589 INFO  Candidate joined room with token : 1 
16:09:29.858 INFO  YJS Setup successfull for Request /1 
16:09:30.051 INFO  Creating Peer for room 1 
16:11:23.258 INFO  videoServer listening on port: 4000 
16:11:23.258 INFO  collabEditServer listening on port: 8080 
16:11:23.471 INFO  YJS Setup successfull for Request /1 
16:11:23.478 INFO  YJS Setup successfull for Request /1 
16:11:30.492 INFO  Room created successfully with token : 1 by Interviewer  
16:11:31.061 INFO  YJS Setup successfull for Request /1 
16:12:43.416 INFO  Candidate joined room with token : 1 
16:12:43.676 INFO  YJS Setup successfull for Request /1 
16:12:43.870 INFO  Creating Peer for room 1 
16:14:51.347 INFO  videoServer listening on port: 4000 
16:14:51.347 INFO  collabEditServer listening on port: 8080 
16:14:51.471 INFO  videoServer listening on port: 4000 
16:14:51.471 INFO  collabEditServer listening on port: 8080 
16:14:51.571 INFO  YJS Setup successfull for Request /1 
16:14:51.574 INFO  YJS Setup successfull for Request /1 
16:14:59.652 INFO  videoServer listening on port: 4000 
16:14:59.652 INFO  collabEditServer listening on port: 8080 
16:14:59.926 INFO  YJS Setup successfull for Request /1 
16:14:59.939 INFO  YJS Setup successfull for Request /1 
16:15:03.888 INFO  videoServer listening on port: 4000 
16:15:03.888 INFO  collabEditServer listening on port: 8080 
16:15:09.920 INFO  videoServer listening on port: 4000 
16:15:09.920 INFO  collabEditServer listening on port: 8080 
16:15:10.949 INFO  YJS Setup successfull for Request /1 
16:15:10.955 INFO  YJS Setup successfull for Request /1 
16:15:13.973 INFO  Room created successfully with token : 1 by Interviewer  
16:15:14.403 INFO  YJS Setup successfull for Request /1 
16:15:16.239 INFO  Candidate joined room with token : 1 
16:15:16.491 INFO  YJS Setup successfull for Request /1 
16:15:16.666 INFO  Creating Peer for room 1 
16:16:14.572 INFO  videoServer listening on port: 4000 
16:16:14.572 INFO  collabEditServer listening on port: 8080 
16:16:14.803 INFO  YJS Setup successfull for Request /1 
16:16:14.806 INFO  YJS Setup successfull for Request /1 
16:16:18.537 INFO  videoServer listening on port: 4000 
16:16:18.537 INFO  collabEditServer listening on port: 8080 
16:16:18.666 INFO  YJS Setup successfull for Request /1 
16:16:18.668 INFO  YJS Setup successfull for Request /1 
16:16:18.890 INFO  videoServer listening on port: 4000 
16:16:18.890 INFO  collabEditServer listening on port: 8080 
16:16:19.109 INFO  YJS Setup successfull for Request /1 
16:16:19.112 INFO  YJS Setup successfull for Request /1 
16:16:21.869 INFO  Room created successfully with token : 1 by Interviewer  
16:16:22.296 INFO  YJS Setup successfull for Request /1 
16:16:25.910 INFO  Candidate joined room with token : 1 
16:16:26.154 INFO  YJS Setup successfull for Request /1 
16:16:26.333 INFO  Creating Peer for room 1 
